Building DAG of jobs...
Using shell: /usr/bin/bash
Provided cluster nodes: 45
Job counts:
	count	jobs
	1	all
	1	match_variant
	1	split_reads_dask
	1	transform_to_csv
	4

[Wed May 14 12:52:31 2025]
rule transform_to_csv:
    input: /proj/hyejunghtsf/HTSF/250430_PBC13069_AAV9_V8_AlejandroMap/250430_PBC13069_AAV9_V8_AlejandroMap.dorado.0.9.1.hac.bam
    output: result/raw_reads.csv
    jobid: 3

Submitted job 3 with external jobid 'Submitted batch job 1412413'.
[Wed May 14 14:18:17 2025]
Error in rule transform_to_csv:
    jobid: 3
    output: result/raw_reads.csv
    shell:
        
        module load anaconda
        conda activate anaconda_env
        module del anaconda

        python A1.transform_to_csv.py             --input_type bam             --input_path /proj/hyejunghtsf/HTSF/250430_PBC13069_AAV9_V8_AlejandroMap/250430_PBC13069_AAV9_V8_AlejandroMap.dorado.0.9.1.hac.bam             --output_path result/raw_reads.csv
        
        (exited with non-zero exit code)
    cluster_jobid: Submitted batch job 1412413

Error executing rule transform_to_csv on cluster (jobid: 3, external: Submitted batch job 1412413, jobscript: /proj/hyejunglab/MPRA/RNAseq/SCZ/scMPRA/Alejandro_Nanopore_BC_Mapping_viral_mapping/.snakemake/tmp.rffx7994/snakejob.transform_to_csv.3.sh). For detailed error see the cluster log.
Shutting down, this might take some time.
Exiting because a job execution failed. Look above for error message
Complete log: /proj/hyejunglab/MPRA/RNAseq/SCZ/scMPRA/Alejandro_Nanopore_BC_Mapping_viral_mapping/.snakemake/log/2025-05-14T125231.761171.snakemake.log
